2018-06-11 19:52:34,731 [Worker-0] INFO  c.g.t.t.d.PublishedGradleVersions - Gradle version information cache is out-of-date. Trying to update.
2018-06-11 19:55:48,520 [Worker-10] INFO  o.e.m.c.i.l.LifecycleMappingFactory - Using org.eclipse.m2e.jdt.JarLifecycleMapping lifecycle mapping for MavenProject: com.sync.qa:cloud:1.0-SNAPSHOT @ C:\Users\kkum0006\Desktop\cloud-pk\pom.xml.
2018-06-11 19:55:52,651 [Worker-10] INFO  o.e.m.c.i.e.AbstractTransferListenerAdapter - Downloading http://mavenrepo.synchronoss.net:8081/nexus/content/repositories/releases-only/org/apache/poi/poi/3.9/poi-3.9.pom
2018-06-11 19:55:54,601 [Worker-10] INFO  o.e.m.c.i.e.AbstractTransferListenerAdapter - Downloaded http://mavenrepo.synchronoss.net:8081/nexus/content/repositories/releases-only/org/apache/poi/poi/3.9/poi-3.9.pom
2018-06-11 19:55:55,146 [Worker-10] INFO  o.e.m.c.i.e.AbstractTransferListenerAdapter - Downloading http://mavenrepo.synchronoss.net:8081/nexus/content/repositories/releases-only/commons-codec/commons-codec/1.5/commons-codec-1.5.pom
2018-06-11 19:55:55,815 [Worker-10] INFO  o.e.m.c.i.e.AbstractTransferListenerAdapter - Downloaded http://mavenrepo.synchronoss.net:8081/nexus/content/repositories/releases-only/commons-codec/commons-codec/1.5/commons-codec-1.5.pom
2018-06-11 19:55:56,694 [Worker-10] INFO  o.e.m.c.i.e.AbstractTransferListenerAdapter - Downloading http://mavenrepo.synchronoss.net:8081/nexus/content/repositories/releases-only/org/apache/commons/commons-parent/20/commons-parent-20.pom
2018-06-11 19:55:57,597 [Worker-10] INFO  o.e.m.c.i.e.AbstractTransferListenerAdapter - Downloaded http://mavenrepo.synchronoss.net:8081/nexus/content/repositories/releases-only/org/apache/commons/commons-parent/20/commons-parent-20.pom
2018-06-11 19:56:00,013 [Worker-10] INFO  o.e.m.c.i.e.AbstractTransferListenerAdapter - Downloading http://mavenrepo.synchronoss.net:8081/nexus/content/repositories/releases-only/org/apache/poi/poi-ooxml/3.9/poi-ooxml-3.9.pom
2018-06-11 19:56:01,606 [Worker-10] INFO  o.e.m.c.i.e.AbstractTransferListenerAdapter - Downloaded http://mavenrepo.synchronoss.net:8081/nexus/content/repositories/releases-only/org/apache/poi/poi-ooxml/3.9/poi-ooxml-3.9.pom
2018-06-11 19:56:04,045 [Worker-10] INFO  o.e.m.c.i.e.AbstractTransferListenerAdapter - Downloading http://mavenrepo.synchronoss.net:8081/nexus/content/repositories/releases-only/org/apache/poi/poi-ooxml-schemas/3.9/poi-ooxml-schemas-3.9.pom
2018-06-11 19:56:05,937 [Worker-10] INFO  o.e.m.c.i.e.AbstractTransferListenerAdapter - Downloaded http://mavenrepo.synchronoss.net:8081/nexus/content/repositories/releases-only/org/apache/poi/poi-ooxml-schemas/3.9/poi-ooxml-schemas-3.9.pom
2018-06-11 19:56:08,448 [Worker-10] INFO  o.e.m.c.i.e.AbstractTransferListenerAdapter - Downloading http://mavenrepo.synchronoss.net:8081/nexus/content/repositories/releases-only/org/apache/poi/poi-scratchpad/3.9/poi-scratchpad-3.9.pom
2018-06-11 19:56:10,614 [Worker-10] INFO  o.e.m.c.i.e.AbstractTransferListenerAdapter - Downloaded http://mavenrepo.synchronoss.net:8081/nexus/content/repositories/releases-only/org/apache/poi/poi-scratchpad/3.9/poi-scratchpad-3.9.pom
2018-06-11 19:56:12,987 [Worker-10] INFO  o.e.m.c.i.e.AbstractTransferListenerAdapter - Downloading http://mavenrepo.synchronoss.net:8081/nexus/content/repositories/releases-only/com/relevantcodes/extentreports/2.41.2/extentreports-2.41.2.pom
2018-06-11 19:56:14,983 [Worker-10] INFO  o.e.m.c.i.e.AbstractTransferListenerAdapter - Downloaded http://mavenrepo.synchronoss.net:8081/nexus/content/repositories/releases-only/com/relevantcodes/extentreports/2.41.2/extentreports-2.41.2.pom
2018-06-11 19:56:15,265 [Worker-10] INFO  o.e.m.c.i.e.AbstractTransferListenerAdapter - Downloading http://mavenrepo.synchronoss.net:8081/nexus/content/repositories/releases-only/org/jsoup/jsoup/1.8.3/jsoup-1.8.3.pom
2018-06-11 19:56:15,740 [Worker-10] INFO  o.e.m.c.i.e.AbstractTransferListenerAdapter - Downloaded http://mavenrepo.synchronoss.net:8081/nexus/content/repositories/releases-only/org/jsoup/jsoup/1.8.3/jsoup-1.8.3.pom
2018-06-11 19:56:17,972 [Worker-10] INFO  o.e.m.c.i.e.AbstractTransferListenerAdapter - Downloading http://mavenrepo.synchronoss.net:8081/nexus/content/repositories/releases-only/org/xerial/sqlite-jdbc/3.8.11.1/sqlite-jdbc-3.8.11.1.pom
2018-06-11 19:56:19,960 [Worker-10] INFO  o.e.m.c.i.e.AbstractTransferListenerAdapter - Downloaded http://mavenrepo.synchronoss.net:8081/nexus/content/repositories/releases-only/org/xerial/sqlite-jdbc/3.8.11.1/sqlite-jdbc-3.8.11.1.pom
2018-06-11 19:56:22,510 [Worker-10] INFO  o.e.m.c.i.e.AbstractTransferListenerAdapter - Downloading http://mavenrepo.synchronoss.net:8081/nexus/content/repositories/releases-only/org/mongodb/mongodb-driver/3.0.4/mongodb-driver-3.0.4.pom
2018-06-11 19:56:24,596 [Worker-10] INFO  o.e.m.c.i.e.AbstractTransferListenerAdapter - Downloaded http://mavenrepo.synchronoss.net:8081/nexus/content/repositories/releases-only/org/mongodb/mongodb-driver/3.0.4/mongodb-driver-3.0.4.pom
2018-06-11 19:56:26,733 [Worker-10] INFO  o.e.m.c.i.e.AbstractTransferListenerAdapter - Downloading http://mavenrepo.synchronoss.net:8081/nexus/content/repositories/releases-only/org/mongodb/bson/3.0.4/bson-3.0.4.pom
2018-06-11 19:56:27,054 [Worker-7] INFO  o.e.m.c.i.e.AbstractTransferListenerAdapter - Downloading http://mavenrepo.synchronoss.net:8081/nexus/content/repositories/releases-only/org/mongodb/bson/3.0.4/bson-3.0.4.pom
2018-06-11 19:56:28,586 [Worker-10] INFO  o.e.m.c.i.e.AbstractTransferListenerAdapter - Downloaded http://mavenrepo.synchronoss.net:8081/nexus/content/repositories/releases-only/org/mongodb/bson/3.0.4/bson-3.0.4.pom
2018-06-11 19:56:30,273 [Worker-7] INFO  o.e.m.c.i.e.AbstractTransferListenerAdapter - Downloaded http://mavenrepo.synchronoss.net:8081/nexus/content/repositories/releases-only/org/mongodb/bson/3.0.4/bson-3.0.4.pom
2018-06-11 19:56:30,938 [Worker-10] INFO  o.e.m.c.i.e.AbstractTransferListenerAdapter - Downloading http://mavenrepo.synchronoss.net:8081/nexus/content/repositories/releases-only/org/mongodb/mongodb-driver-core/3.0.4/mongodb-driver-core-3.0.4.pom
2018-06-11 19:56:32,583 [Worker-7] INFO  o.e.m.c.i.e.AbstractTransferListenerAdapter - Downloading http://mavenrepo.synchronoss.net:8081/nexus/content/repositories/releases-only/org/mongodb/mongodb-driver-core/3.0.4/mongodb-driver-core-3.0.4.pom
2018-06-11 19:56:33,597 [Worker-10] INFO  o.e.m.c.i.e.AbstractTransferListenerAdapter - Downloaded http://mavenrepo.synchronoss.net:8081/nexus/content/repositories/releases-only/org/mongodb/mongodb-driver-core/3.0.4/mongodb-driver-core-3.0.4.pom
2018-06-11 19:56:33,937 [Worker-10] INFO  o.e.m.c.i.e.AbstractTransferListenerAdapter - Downloading http://mavenrepo.synchronoss.net:8081/nexus/content/repositories/releases-only/com/google/guava/guava/23.0/guava-23.0.jar
2018-06-11 19:56:33,944 [Worker-7] INFO  o.e.m.c.i.e.AbstractTransferListenerAdapter - Downloaded http://mavenrepo.synchronoss.net:8081/nexus/content/repositories/releases-only/org/mongodb/mongodb-driver-core/3.0.4/mongodb-driver-core-3.0.4.pom
2018-06-11 19:56:34,263 [Worker-7] INFO  o.e.m.c.i.e.AbstractTransferListenerAdapter - Downloading http://mavenrepo.synchronoss.net:8081/nexus/content/repositories/releases-only/com/google/guava/guava/23.0/guava-23.0.jar
2018-06-11 19:56:39,002 [Worker-10] INFO  o.e.m.c.i.e.AbstractTransferListenerAdapter - Downloaded http://mavenrepo.synchronoss.net:8081/nexus/content/repositories/releases-only/com/google/guava/guava/23.0/guava-23.0.jar
2018-06-11 19:56:39,193 [Worker-7] INFO  o.e.m.c.i.e.AbstractTransferListenerAdapter - Downloaded http://mavenrepo.synchronoss.net:8081/nexus/content/repositories/releases-only/com/google/guava/guava/23.0/guava-23.0.jar
2018-06-11 19:56:39,232 [Worker-10] INFO  o.e.m.c.i.e.AbstractTransferListenerAdapter - Downloading http://mavenrepo.synchronoss.net:8081/nexus/content/repositories/releases-only/xerces/xercesImpl/2.11.0/xercesImpl-2.11.0.jar
2018-06-11 19:56:39,416 [Worker-7] INFO  o.e.m.c.i.e.AbstractTransferListenerAdapter - Downloading http://mavenrepo.synchronoss.net:8081/nexus/content/repositories/releases-only/xerces/xercesImpl/2.11.0/xercesImpl-2.11.0.jar
2018-06-11 19:56:40,457 [Worker-10] INFO  o.e.m.c.i.e.AbstractTransferListenerAdapter - Downloaded http://mavenrepo.synchronoss.net:8081/nexus/content/repositories/releases-only/xerces/xercesImpl/2.11.0/xercesImpl-2.11.0.jar
2018-06-11 19:56:40,596 [Worker-7] INFO  o.e.m.c.i.e.AbstractTransferListenerAdapter - Downloaded http://mavenrepo.synchronoss.net:8081/nexus/content/repositories/releases-only/xerces/xercesImpl/2.11.0/xercesImpl-2.11.0.jar
2018-06-11 19:56:41,167 [Worker-10] INFO  o.e.m.c.i.e.AbstractTransferListenerAdapter - Downloading http://mavenrepo.synchronoss.net:8081/nexus/content/repositories/releases-only/com/beust/jcommander/1.64/jcommander-1.64.jar
2018-06-11 19:56:41,176 [Worker-7] INFO  o.e.m.c.i.e.AbstractTransferListenerAdapter - Downloading http://mavenrepo.synchronoss.net:8081/nexus/content/repositories/releases-only/com/beust/jcommander/1.64/jcommander-1.64.jar
2018-06-11 19:56:41,445 [Worker-7] INFO  o.e.m.c.i.e.AbstractTransferListenerAdapter - Downloaded http://mavenrepo.synchronoss.net:8081/nexus/content/repositories/releases-only/com/beust/jcommander/1.64/jcommander-1.64.jar
2018-06-11 19:56:41,450 [Worker-10] INFO  o.e.m.c.i.e.AbstractTransferListenerAdapter - Downloaded http://mavenrepo.synchronoss.net:8081/nexus/content/repositories/releases-only/com/beust/jcommander/1.64/jcommander-1.64.jar
2018-06-11 19:56:41,677 [Worker-10] INFO  o.e.m.c.i.e.AbstractTransferListenerAdapter - Downloading http://mavenrepo.synchronoss.net:8081/nexus/content/repositories/releases-only/org/yaml/snakeyaml/1.17/snakeyaml-1.17.jar
2018-06-11 19:56:41,744 [Worker-7] INFO  o.e.m.c.i.e.AbstractTransferListenerAdapter - Downloading http://mavenrepo.synchronoss.net:8081/nexus/content/repositories/releases-only/org/yaml/snakeyaml/1.17/snakeyaml-1.17.jar
2018-06-11 19:56:42,207 [Worker-7] INFO  o.e.m.c.i.e.AbstractTransferListenerAdapter - Downloaded http://mavenrepo.synchronoss.net:8081/nexus/content/repositories/releases-only/org/yaml/snakeyaml/1.17/snakeyaml-1.17.jar
2018-06-11 19:56:42,226 [Worker-10] INFO  o.e.m.c.i.e.AbstractTransferListenerAdapter - Downloaded http://mavenrepo.synchronoss.net:8081/nexus/content/repositories/releases-only/org/yaml/snakeyaml/1.17/snakeyaml-1.17.jar
2018-06-11 19:56:42,884 [Worker-7] INFO  o.e.m.c.i.e.AbstractTransferListenerAdapter - Downloading http://mavenrepo.synchronoss.net:8081/nexus/content/repositories/releases-only/org/apache/poi/poi/3.9/poi-3.9.jar
2018-06-11 19:56:43,004 [Worker-10] INFO  o.e.m.c.i.e.AbstractTransferListenerAdapter - Downloading http://mavenrepo.synchronoss.net:8081/nexus/content/repositories/releases-only/org/apache/poi/poi/3.9/poi-3.9.jar
2018-06-11 19:56:44,809 [Worker-7] INFO  o.e.m.c.i.e.AbstractTransferListenerAdapter - Downloaded http://mavenrepo.synchronoss.net:8081/nexus/content/repositories/releases-only/org/apache/poi/poi/3.9/poi-3.9.jar
2018-06-11 19:56:44,942 [Worker-10] INFO  o.e.m.c.i.e.AbstractTransferListenerAdapter - Downloaded http://mavenrepo.synchronoss.net:8081/nexus/content/repositories/releases-only/org/apache/poi/poi/3.9/poi-3.9.jar
2018-06-11 19:56:45,366 [Worker-7] INFO  o.e.m.c.i.e.AbstractTransferListenerAdapter - Downloading http://mavenrepo.synchronoss.net:8081/nexus/content/repositories/releases-only/org/apache/poi/poi-ooxml/3.9/poi-ooxml-3.9.jar
2018-06-11 19:56:45,375 [Worker-10] INFO  o.e.m.c.i.e.AbstractTransferListenerAdapter - Downloading http://mavenrepo.synchronoss.net:8081/nexus/content/repositories/releases-only/org/apache/poi/poi-ooxml/3.9/poi-ooxml-3.9.jar
2018-06-11 19:56:46,284 [Worker-10] INFO  o.e.m.c.i.e.AbstractTransferListenerAdapter - Downloaded http://mavenrepo.synchronoss.net:8081/nexus/content/repositories/releases-only/org/apache/poi/poi-ooxml/3.9/poi-ooxml-3.9.jar
2018-06-11 19:56:46,414 [Worker-7] INFO  o.e.m.c.i.e.AbstractTransferListenerAdapter - Downloaded http://mavenrepo.synchronoss.net:8081/nexus/content/repositories/releases-only/org/apache/poi/poi-ooxml/3.9/poi-ooxml-3.9.jar
2018-06-11 19:56:46,805 [Worker-7] INFO  o.e.m.c.i.e.AbstractTransferListenerAdapter - Downloading http://mavenrepo.synchronoss.net:8081/nexus/content/repositories/releases-only/org/apache/poi/poi-ooxml-schemas/3.9/poi-ooxml-schemas-3.9.jar
2018-06-11 19:56:46,814 [Worker-10] INFO  o.e.m.c.i.e.AbstractTransferListenerAdapter - Downloading http://mavenrepo.synchronoss.net:8081/nexus/content/repositories/releases-only/org/apache/poi/poi-ooxml-schemas/3.9/poi-ooxml-schemas-3.9.jar
2018-06-11 19:56:50,385 [Worker-7] INFO  o.e.m.c.i.e.AbstractTransferListenerAdapter - Downloaded http://mavenrepo.synchronoss.net:8081/nexus/content/repositories/releases-only/org/apache/poi/poi-ooxml-schemas/3.9/poi-ooxml-schemas-3.9.jar
2018-06-11 19:56:51,072 [Worker-10] INFO  o.e.m.c.i.e.AbstractTransferListenerAdapter - Downloaded http://mavenrepo.synchronoss.net:8081/nexus/content/repositories/releases-only/org/apache/poi/poi-ooxml-schemas/3.9/poi-ooxml-schemas-3.9.jar
2018-06-11 19:56:52,102 [Worker-7] INFO  o.e.m.c.i.e.AbstractTransferListenerAdapter - Downloading http://mavenrepo.synchronoss.net:8081/nexus/content/repositories/releases-only/org/apache/poi/poi-scratchpad/3.9/poi-scratchpad-3.9.jar
2018-06-11 19:56:52,365 [Worker-10] INFO  o.e.m.c.i.e.AbstractTransferListenerAdapter - Downloading http://mavenrepo.synchronoss.net:8081/nexus/content/repositories/releases-only/org/apache/poi/poi-scratchpad/3.9/poi-scratchpad-3.9.jar
2018-06-11 19:56:54,715 [Worker-7] INFO  o.e.m.c.i.e.AbstractTransferListenerAdapter - Downloaded http://mavenrepo.synchronoss.net:8081/nexus/content/repositories/releases-only/org/apache/poi/poi-scratchpad/3.9/poi-scratchpad-3.9.jar
2018-06-11 19:56:55,395 [Worker-10] INFO  o.e.m.c.i.e.AbstractTransferListenerAdapter - Downloaded http://mavenrepo.synchronoss.net:8081/nexus/content/repositories/releases-only/org/apache/poi/poi-scratchpad/3.9/poi-scratchpad-3.9.jar
2018-06-11 19:56:55,989 [Worker-7] INFO  o.e.m.c.i.e.AbstractTransferListenerAdapter - Downloading http://mavenrepo.synchronoss.net:8081/nexus/content/repositories/releases-only/com/relevantcodes/extentreports/2.41.2/extentreports-2.41.2.jar
2018-06-11 19:56:56,365 [Worker-10] INFO  o.e.m.c.i.e.AbstractTransferListenerAdapter - Downloading http://mavenrepo.synchronoss.net:8081/nexus/content/repositories/releases-only/com/relevantcodes/extentreports/2.41.2/extentreports-2.41.2.jar
2018-06-11 19:56:58,827 [Worker-7] INFO  o.e.m.c.i.e.AbstractTransferListenerAdapter - Downloaded http://mavenrepo.synchronoss.net:8081/nexus/content/repositories/releases-only/com/relevantcodes/extentreports/2.41.2/extentreports-2.41.2.jar
2018-06-11 19:56:58,939 [Worker-10] INFO  o.e.m.c.i.e.AbstractTransferListenerAdapter - Downloaded http://mavenrepo.synchronoss.net:8081/nexus/content/repositories/releases-only/com/relevantcodes/extentreports/2.41.2/extentreports-2.41.2.jar
2018-06-11 19:56:59,062 [Worker-7] INFO  o.e.m.c.i.e.AbstractTransferListenerAdapter - Downloading http://mavenrepo.synchronoss.net:8081/nexus/content/repositories/releases-only/org/jsoup/jsoup/1.8.3/jsoup-1.8.3.jar
2018-06-11 19:56:59,176 [Worker-10] INFO  o.e.m.c.i.e.AbstractTransferListenerAdapter - Downloading http://mavenrepo.synchronoss.net:8081/nexus/content/repositories/releases-only/org/jsoup/jsoup/1.8.3/jsoup-1.8.3.jar
2018-06-11 19:56:59,477 [Worker-10] INFO  o.e.m.c.i.e.AbstractTransferListenerAdapter - Downloaded http://mavenrepo.synchronoss.net:8081/nexus/content/repositories/releases-only/org/jsoup/jsoup/1.8.3/jsoup-1.8.3.jar
2018-06-11 19:56:59,774 [Worker-7] INFO  o.e.m.c.i.e.AbstractTransferListenerAdapter - Downloaded http://mavenrepo.synchronoss.net:8081/nexus/content/repositories/releases-only/org/jsoup/jsoup/1.8.3/jsoup-1.8.3.jar
2018-06-11 19:57:00,220 [Worker-10] INFO  o.e.m.c.i.e.AbstractTransferListenerAdapter - Downloading http://mavenrepo.synchronoss.net:8081/nexus/content/repositories/releases-only/org/xerial/sqlite-jdbc/3.8.11.1/sqlite-jdbc-3.8.11.1.jar
2018-06-11 19:57:00,793 [Worker-7] INFO  o.e.m.c.i.e.AbstractTransferListenerAdapter - Downloading http://mavenrepo.synchronoss.net:8081/nexus/content/repositories/releases-only/org/xerial/sqlite-jdbc/3.8.11.1/sqlite-jdbc-3.8.11.1.jar
2018-06-11 19:57:04,143 [Worker-10] INFO  o.e.m.c.i.e.AbstractTransferListenerAdapter - Downloaded http://mavenrepo.synchronoss.net:8081/nexus/content/repositories/releases-only/org/xerial/sqlite-jdbc/3.8.11.1/sqlite-jdbc-3.8.11.1.jar
2018-06-11 19:57:04,495 [Worker-7] INFO  o.e.m.c.i.e.AbstractTransferListenerAdapter - Downloaded http://mavenrepo.synchronoss.net:8081/nexus/content/repositories/releases-only/org/xerial/sqlite-jdbc/3.8.11.1/sqlite-jdbc-3.8.11.1.jar
2018-06-11 19:57:04,884 [Worker-10] INFO  o.e.m.c.i.e.AbstractTransferListenerAdapter - Downloading http://mavenrepo.synchronoss.net:8081/nexus/content/repositories/releases-only/org/mongodb/mongodb-driver/3.0.4/mongodb-driver-3.0.4.jar
2018-06-11 19:57:05,453 [Worker-7] INFO  o.e.m.c.i.e.AbstractTransferListenerAdapter - Downloading http://mavenrepo.synchronoss.net:8081/nexus/content/repositories/releases-only/org/mongodb/mongodb-driver/3.0.4/mongodb-driver-3.0.4.jar
2018-06-11 19:57:06,121 [Worker-10] INFO  o.e.m.c.i.e.AbstractTransferListenerAdapter - Downloaded http://mavenrepo.synchronoss.net:8081/nexus/content/repositories/releases-only/org/mongodb/mongodb-driver/3.0.4/mongodb-driver-3.0.4.jar
2018-06-11 19:57:06,799 [Worker-7] INFO  o.e.m.c.i.e.AbstractTransferListenerAdapter - Downloaded http://mavenrepo.synchronoss.net:8081/nexus/content/repositories/releases-only/org/mongodb/mongodb-driver/3.0.4/mongodb-driver-3.0.4.jar
2018-06-11 19:57:07,325 [Worker-10] INFO  o.e.m.c.i.e.AbstractTransferListenerAdapter - Downloading http://mavenrepo.synchronoss.net:8081/nexus/content/repositories/releases-only/org/mongodb/bson/3.0.4/bson-3.0.4.jar
2018-06-11 19:57:07,789 [Worker-7] INFO  o.e.m.c.i.e.AbstractTransferListenerAdapter - Downloading http://mavenrepo.synchronoss.net:8081/nexus/content/repositories/releases-only/org/mongodb/bson/3.0.4/bson-3.0.4.jar
2018-06-11 19:57:08,809 [Worker-10] INFO  o.e.m.c.i.e.AbstractTransferListenerAdapter - Downloaded http://mavenrepo.synchronoss.net:8081/nexus/content/repositories/releases-only/org/mongodb/bson/3.0.4/bson-3.0.4.jar
2018-06-11 19:57:08,949 [Worker-7] INFO  o.e.m.c.i.e.AbstractTransferListenerAdapter - Downloaded http://mavenrepo.synchronoss.net:8081/nexus/content/repositories/releases-only/org/mongodb/bson/3.0.4/bson-3.0.4.jar
2018-06-11 19:57:09,599 [Worker-10] INFO  o.e.m.c.i.e.AbstractTransferListenerAdapter - Downloading http://mavenrepo.synchronoss.net:8081/nexus/content/repositories/releases-only/org/mongodb/mongodb-driver-core/3.0.4/mongodb-driver-core-3.0.4.jar
2018-06-11 19:57:10,124 [Worker-7] INFO  o.e.m.c.i.e.AbstractTransferListenerAdapter - Downloading http://mavenrepo.synchronoss.net:8081/nexus/content/repositories/releases-only/org/mongodb/mongodb-driver-core/3.0.4/mongodb-driver-core-3.0.4.jar
2018-06-11 19:57:11,819 [Worker-10] INFO  o.e.m.c.i.e.AbstractTransferListenerAdapter - Downloaded http://mavenrepo.synchronoss.net:8081/nexus/content/repositories/releases-only/org/mongodb/mongodb-driver-core/3.0.4/mongodb-driver-core-3.0.4.jar
2018-06-11 19:57:11,959 [Worker-7] INFO  o.e.m.c.i.e.AbstractTransferListenerAdapter - Downloaded http://mavenrepo.synchronoss.net:8081/nexus/content/repositories/releases-only/org/mongodb/mongodb-driver-core/3.0.4/mongodb-driver-core-3.0.4.jar
2018-06-11 19:57:14,943 [Worker-10] INFO  o.e.m.j.i.AbstractJavaProjectConfigurator - Adding source folder /cloud/src/main/java
2018-06-11 19:57:14,944 [Worker-10] INFO  o.e.m.j.i.AbstractJavaProjectConfigurator - Adding resource folder /cloud/src/main/resources
2018-06-11 19:57:14,946 [Worker-10] INFO  o.e.m.j.i.AbstractJavaProjectConfigurator - Adding source folder /cloud/src/test/java
2018-06-11 19:57:18,208 [Worker-10] INFO  o.e.m.c.i.p.ProjectConfigurationManager - Imported and configured 1 project(s) in 94 sec
2018-06-11 19:57:24,943 [Worker-8] WARN  o.e.m.c.i.embedder.EclipseLogger - Using platform encoding (Cp1252 actually) to copy filtered resources, i.e. build is platform dependent!
2018-06-11 19:57:24,952 [Worker-8] INFO  o.e.m.c.i.embedder.EclipseLogger - Copying 0 resource
2018-06-11 19:57:24,954 [Worker-8] WARN  o.e.m.c.i.embedder.EclipseLogger - Using platform encoding (Cp1252 actually) to copy filtered resources, i.e. build is platform dependent!
2018-06-11 19:57:24,958 [Worker-8] INFO  o.e.m.c.i.embedder.EclipseLogger - skip non existing resourceDirectory C:\Users\kkum0006\Desktop\cloud-pk\src\test\resources
2018-06-11 19:58:15,476 [Worker-8] WARN  o.e.m.c.i.embedder.EclipseLogger - Using platform encoding (Cp1252 actually) to copy filtered resources, i.e. build is platform dependent!
2018-06-11 19:58:15,482 [Worker-8] INFO  o.e.m.c.i.embedder.EclipseLogger - Copying 0 resource
2018-06-11 19:58:15,484 [Worker-8] WARN  o.e.m.c.i.embedder.EclipseLogger - Using platform encoding (Cp1252 actually) to copy filtered resources, i.e. build is platform dependent!
2018-06-11 19:58:15,487 [Worker-8] INFO  o.e.m.c.i.embedder.EclipseLogger - skip non existing resourceDirectory C:\Users\kkum0006\Desktop\cloud-pk\src\test\resources
2018-06-11 19:58:50,261 [Worker-8] WARN  o.e.m.c.i.embedder.EclipseLogger - Using platform encoding (Cp1252 actually) to copy filtered resources, i.e. build is platform dependent!
2018-06-11 19:58:50,263 [Worker-8] INFO  o.e.m.c.i.embedder.EclipseLogger - Copying 0 resource
2018-06-11 19:58:50,265 [Worker-8] WARN  o.e.m.c.i.embedder.EclipseLogger - Using platform encoding (Cp1252 actually) to copy filtered resources, i.e. build is platform dependent!
2018-06-11 19:58:50,267 [Worker-8] INFO  o.e.m.c.i.embedder.EclipseLogger - skip non existing resourceDirectory C:\Users\kkum0006\Desktop\cloud-pk\src\test\resources
2018-06-11 20:01:33,116 [Worker-22] WARN  o.e.m.c.i.embedder.EclipseLogger - Using platform encoding (Cp1252 actually) to copy filtered resources, i.e. build is platform dependent!
2018-06-11 20:01:33,119 [Worker-22] INFO  o.e.m.c.i.embedder.EclipseLogger - Copying 0 resource
2018-06-11 20:01:33,120 [Worker-22] WARN  o.e.m.c.i.embedder.EclipseLogger - Using platform encoding (Cp1252 actually) to copy filtered resources, i.e. build is platform dependent!
2018-06-11 20:01:33,144 [Worker-22] INFO  o.e.m.c.i.embedder.EclipseLogger - skip non existing resourceDirectory C:\Users\kkum0006\Desktop\cloud-pk\src\test\resources
2018-06-11 20:03:21,792 [Worker-20] WARN  o.e.m.c.i.embedder.EclipseLogger - Using platform encoding (Cp1252 actually) to copy filtered resources, i.e. build is platform dependent!
2018-06-11 20:03:21,795 [Worker-20] INFO  o.e.m.c.i.embedder.EclipseLogger - Copying 0 resource
2018-06-11 20:03:21,797 [Worker-20] WARN  o.e.m.c.i.embedder.EclipseLogger - Using platform encoding (Cp1252 actually) to copy filtered resources, i.e. build is platform dependent!
2018-06-11 20:03:21,798 [Worker-20] INFO  o.e.m.c.i.embedder.EclipseLogger - skip non existing resourceDirectory C:\Users\kkum0006\Desktop\cloud-pk\src\test\resources
2018-06-11 20:03:22,891 [Worker-22] WARN  o.e.m.c.i.embedder.EclipseLogger - Using platform encoding (Cp1252 actually) to copy filtered resources, i.e. build is platform dependent!
2018-06-11 20:03:22,894 [Worker-22] INFO  o.e.m.c.i.embedder.EclipseLogger - Copying 0 resource
2018-06-11 20:03:22,896 [Worker-22] WARN  o.e.m.c.i.embedder.EclipseLogger - Using platform encoding (Cp1252 actually) to copy filtered resources, i.e. build is platform dependent!
2018-06-11 20:03:22,897 [Worker-22] INFO  o.e.m.c.i.embedder.EclipseLogger - skip non existing resourceDirectory C:\Users\kkum0006\Desktop\cloud-pk\src\test\resources
2018-06-11 20:03:37,732 [Worker-22] WARN  o.e.m.c.i.embedder.EclipseLogger - Using platform encoding (Cp1252 actually) to copy filtered resources, i.e. build is platform dependent!
2018-06-11 20:03:37,735 [Worker-22] INFO  o.e.m.c.i.embedder.EclipseLogger - Copying 0 resource
2018-06-11 20:03:37,737 [Worker-22] WARN  o.e.m.c.i.embedder.EclipseLogger - Using platform encoding (Cp1252 actually) to copy filtered resources, i.e. build is platform dependent!
2018-06-11 20:03:37,741 [Worker-22] INFO  o.e.m.c.i.embedder.EclipseLogger - skip non existing resourceDirectory C:\Users\kkum0006\Desktop\cloud-pk\src\test\resources
2018-06-11 20:14:37,195 [Worker-26] WARN  o.e.m.c.i.embedder.EclipseLogger - Using platform encoding (Cp1252 actually) to copy filtered resources, i.e. build is platform dependent!
2018-06-11 20:14:37,197 [Worker-26] INFO  o.e.m.c.i.embedder.EclipseLogger - Copying 0 resource
2018-06-11 20:14:37,200 [Worker-26] WARN  o.e.m.c.i.embedder.EclipseLogger - Using platform encoding (Cp1252 actually) to copy filtered resources, i.e. build is platform dependent!
2018-06-11 20:14:37,202 [Worker-26] INFO  o.e.m.c.i.embedder.EclipseLogger - skip non existing resourceDirectory C:\Users\kkum0006\Desktop\cloud-pk\src\test\resources
2018-06-11 20:15:31,943 [Worker-26] WARN  o.e.m.c.i.embedder.EclipseLogger - Using platform encoding (Cp1252 actually) to copy filtered resources, i.e. build is platform dependent!
2018-06-11 20:15:31,945 [Worker-26] INFO  o.e.m.c.i.embedder.EclipseLogger - Copying 0 resource
2018-06-11 20:15:31,947 [Worker-26] WARN  o.e.m.c.i.embedder.EclipseLogger - Using platform encoding (Cp1252 actually) to copy filtered resources, i.e. build is platform dependent!
2018-06-11 20:15:31,948 [Worker-26] INFO  o.e.m.c.i.embedder.EclipseLogger - skip non existing resourceDirectory C:\Users\kkum0006\Desktop\cloud-pk\src\test\resources
2018-06-11 20:16:32,760 [Worker-20] WARN  o.e.m.c.i.embedder.EclipseLogger - Using platform encoding (Cp1252 actually) to copy filtered resources, i.e. build is platform dependent!
2018-06-11 20:16:32,768 [Worker-20] INFO  o.e.m.c.i.embedder.EclipseLogger - Copying 0 resource
2018-06-11 20:16:32,777 [Worker-20] WARN  o.e.m.c.i.embedder.EclipseLogger - Using platform encoding (Cp1252 actually) to copy filtered resources, i.e. build is platform dependent!
2018-06-11 20:16:32,784 [Worker-20] INFO  o.e.m.c.i.embedder.EclipseLogger - skip non existing resourceDirectory C:\Users\kkum0006\Desktop\cloud-pk\src\test\resources
2018-06-11 20:17:14,738 [Worker-30] WARN  o.e.m.c.i.embedder.EclipseLogger - Using platform encoding (Cp1252 actually) to copy filtered resources, i.e. build is platform dependent!
2018-06-11 20:17:14,739 [Worker-30] INFO  o.e.m.c.i.embedder.EclipseLogger - Copying 0 resource
2018-06-11 20:17:14,740 [Worker-30] WARN  o.e.m.c.i.embedder.EclipseLogger - Using platform encoding (Cp1252 actually) to copy filtered resources, i.e. build is platform dependent!
2018-06-11 20:17:14,742 [Worker-30] INFO  o.e.m.c.i.embedder.EclipseLogger - skip non existing resourceDirectory C:\Users\kkum0006\Desktop\cloud-pk\src\test\resources
2018-06-11 20:18:27,725 [Worker-26] WARN  o.e.m.c.i.embedder.EclipseLogger - Using platform encoding (Cp1252 actually) to copy filtered resources, i.e. build is platform dependent!
2018-06-11 20:18:27,726 [Worker-26] INFO  o.e.m.c.i.embedder.EclipseLogger - Copying 0 resource
2018-06-11 20:18:27,728 [Worker-26] WARN  o.e.m.c.i.embedder.EclipseLogger - Using platform encoding (Cp1252 actually) to copy filtered resources, i.e. build is platform dependent!
2018-06-11 20:18:27,731 [Worker-26] INFO  o.e.m.c.i.embedder.EclipseLogger - skip non existing resourceDirectory C:\Users\kkum0006\Desktop\cloud-pk\src\test\resources
2018-06-11 20:18:43,296 [Worker-26] WARN  o.e.m.c.i.embedder.EclipseLogger - Using platform encoding (Cp1252 actually) to copy filtered resources, i.e. build is platform dependent!
2018-06-11 20:18:43,300 [Worker-26] INFO  o.e.m.c.i.embedder.EclipseLogger - Copying 0 resource
2018-06-11 20:18:43,302 [Worker-26] WARN  o.e.m.c.i.embedder.EclipseLogger - Using platform encoding (Cp1252 actually) to copy filtered resources, i.e. build is platform dependent!
2018-06-11 20:18:43,305 [Worker-26] INFO  o.e.m.c.i.embedder.EclipseLogger - skip non existing resourceDirectory C:\Users\kkum0006\Desktop\cloud-pk\src\test\resources
2018-06-11 20:20:39,813 [Worker-29] WARN  o.e.m.c.i.embedder.EclipseLogger - Using platform encoding (Cp1252 actually) to copy filtered resources, i.e. build is platform dependent!
2018-06-11 20:20:39,815 [Worker-29] INFO  o.e.m.c.i.embedder.EclipseLogger - Copying 0 resource
2018-06-11 20:20:39,816 [Worker-29] WARN  o.e.m.c.i.embedder.EclipseLogger - Using platform encoding (Cp1252 actually) to copy filtered resources, i.e. build is platform dependent!
2018-06-11 20:20:39,817 [Worker-29] INFO  o.e.m.c.i.embedder.EclipseLogger - skip non existing resourceDirectory C:\Users\kkum0006\Desktop\cloud-pk\src\test\resources
2018-06-11 20:21:28,163 [Worker-26] WARN  o.e.m.c.i.embedder.EclipseLogger - Using platform encoding (Cp1252 actually) to copy filtered resources, i.e. build is platform dependent!
2018-06-11 20:21:28,165 [Worker-26] INFO  o.e.m.c.i.embedder.EclipseLogger - Copying 0 resource
2018-06-11 20:21:28,167 [Worker-26] WARN  o.e.m.c.i.embedder.EclipseLogger - Using platform encoding (Cp1252 actually) to copy filtered resources, i.e. build is platform dependent!
2018-06-11 20:21:28,169 [Worker-26] INFO  o.e.m.c.i.embedder.EclipseLogger - skip non existing resourceDirectory C:\Users\kkum0006\Desktop\cloud-pk\src\test\resources
2018-06-11 20:22:18,334 [Worker-26] WARN  o.e.m.c.i.embedder.EclipseLogger - Using platform encoding (Cp1252 actually) to copy filtered resources, i.e. build is platform dependent!
2018-06-11 20:22:18,337 [Worker-26] INFO  o.e.m.c.i.embedder.EclipseLogger - Copying 0 resource
2018-06-11 20:22:18,342 [Worker-26] WARN  o.e.m.c.i.embedder.EclipseLogger - Using platform encoding (Cp1252 actually) to copy filtered resources, i.e. build is platform dependent!
2018-06-11 20:22:18,349 [Worker-26] INFO  o.e.m.c.i.embedder.EclipseLogger - skip non existing resourceDirectory C:\Users\kkum0006\Desktop\cloud-pk\src\test\resources
2018-06-11 20:22:47,094 [Worker-26] WARN  o.e.m.c.i.embedder.EclipseLogger - Using platform encoding (Cp1252 actually) to copy filtered resources, i.e. build is platform dependent!
2018-06-11 20:22:47,097 [Worker-26] INFO  o.e.m.c.i.embedder.EclipseLogger - Copying 0 resource
2018-06-11 20:22:47,099 [Worker-26] WARN  o.e.m.c.i.embedder.EclipseLogger - Using platform encoding (Cp1252 actually) to copy filtered resources, i.e. build is platform dependent!
2018-06-11 20:22:47,102 [Worker-26] INFO  o.e.m.c.i.embedder.EclipseLogger - skip non existing resourceDirectory C:\Users\kkum0006\Desktop\cloud-pk\src\test\resources
2018-06-11 20:23:34,322 [Worker-20] WARN  o.e.m.c.i.embedder.EclipseLogger - Using platform encoding (Cp1252 actually) to copy filtered resources, i.e. build is platform dependent!
2018-06-11 20:23:34,325 [Worker-20] INFO  o.e.m.c.i.embedder.EclipseLogger - Copying 0 resource
2018-06-11 20:23:34,327 [Worker-20] WARN  o.e.m.c.i.embedder.EclipseLogger - Using platform encoding (Cp1252 actually) to copy filtered resources, i.e. build is platform dependent!
2018-06-11 20:23:34,329 [Worker-20] INFO  o.e.m.c.i.embedder.EclipseLogger - skip non existing resourceDirectory C:\Users\kkum0006\Desktop\cloud-pk\src\test\resources
2018-06-11 20:26:22,096 [Worker-28] WARN  o.e.m.c.i.embedder.EclipseLogger - Using platform encoding (Cp1252 actually) to copy filtered resources, i.e. build is platform dependent!
2018-06-11 20:26:22,097 [Worker-28] INFO  o.e.m.c.i.embedder.EclipseLogger - Copying 0 resource
2018-06-11 20:26:22,098 [Worker-28] WARN  o.e.m.c.i.embedder.EclipseLogger - Using platform encoding (Cp1252 actually) to copy filtered resources, i.e. build is platform dependent!
2018-06-11 20:26:22,103 [Worker-28] INFO  o.e.m.c.i.embedder.EclipseLogger - skip non existing resourceDirectory C:\Users\kkum0006\Desktop\cloud-pk\src\test\resources
2018-06-11 20:30:00,057 [Worker-34] INFO  o.e.m.c.i.l.LifecycleMappingFactory - Using org.eclipse.m2e.jdt.JarLifecycleMapping lifecycle mapping for MavenProject: FreeCRMTestAutomation:FreeCRMTest:0.0.1-SNAPSHOT @ C:\Users\kkum0006\Downloads\Video\NaveenAuto\PageObjectModel-master\PageObjectModel-master\pom.xml.
2018-06-11 20:30:00,963 [Worker-34] INFO  o.e.m.j.i.AbstractJavaProjectConfigurator - Adding source folder /FreeCRMTest/src/main/java
2018-06-11 20:30:00,964 [Worker-34] INFO  o.e.m.j.i.AbstractJavaProjectConfigurator - Adding resource folder /FreeCRMTest/src/main/resources
2018-06-11 20:30:00,965 [Worker-34] INFO  o.e.m.j.i.AbstractJavaProjectConfigurator - Adding source folder /FreeCRMTest/src/test/java
2018-06-11 20:30:01,114 [Worker-34] INFO  o.e.m.c.i.p.ProjectConfigurationManager - Imported and configured 1 project(s) in 1 sec
2018-06-11 20:30:02,177 [Worker-34] INFO  o.e.m.c.i.embedder.EclipseLogger - Using 'UTF-8' encoding to copy filtered resources.
2018-06-11 20:30:02,178 [Worker-34] INFO  o.e.m.c.i.embedder.EclipseLogger - Copying 2 resources
2018-06-11 20:30:02,192 [Worker-34] INFO  o.e.m.c.i.embedder.EclipseLogger - Using 'UTF-8' encoding to copy filtered resources.
2018-06-11 20:30:02,193 [Worker-34] INFO  o.e.m.c.i.embedder.EclipseLogger - skip non existing resourceDirectory C:\Users\kkum0006\Downloads\Video\NaveenAuto\PageObjectModel-master\PageObjectModel-master\src\test\resources
2018-06-11 20:32:25,363 [Worker-34] WARN  o.e.m.c.i.embedder.EclipseLogger - Using platform encoding (Cp1252 actually) to copy filtered resources, i.e. build is platform dependent!
2018-06-11 20:32:25,366 [Worker-34] INFO  o.e.m.c.i.embedder.EclipseLogger - Copying 0 resource
2018-06-11 20:32:25,367 [Worker-34] WARN  o.e.m.c.i.embedder.EclipseLogger - Using platform encoding (Cp1252 actually) to copy filtered resources, i.e. build is platform dependent!
2018-06-11 20:32:25,369 [Worker-34] INFO  o.e.m.c.i.embedder.EclipseLogger - skip non existing resourceDirectory C:\Users\kkum0006\Desktop\cloud-pk\src\test\resources
2018-06-11 20:40:29,099 [Worker-39] WARN  o.e.m.c.i.embedder.EclipseLogger - Using platform encoding (Cp1252 actually) to copy filtered resources, i.e. build is platform dependent!
2018-06-11 20:40:29,102 [Worker-39] INFO  o.e.m.c.i.embedder.EclipseLogger - Copying 0 resource
2018-06-11 20:40:29,103 [Worker-39] WARN  o.e.m.c.i.embedder.EclipseLogger - Using platform encoding (Cp1252 actually) to copy filtered resources, i.e. build is platform dependent!
2018-06-11 20:40:29,104 [Worker-39] INFO  o.e.m.c.i.embedder.EclipseLogger - skip non existing resourceDirectory C:\Users\kkum0006\Desktop\cloud-pk\src\test\resources
2018-06-11 20:41:04,254 [Worker-38] WARN  o.e.m.c.i.embedder.EclipseLogger - Using platform encoding (Cp1252 actually) to copy filtered resources, i.e. build is platform dependent!
2018-06-11 20:41:04,256 [Worker-38] INFO  o.e.m.c.i.embedder.EclipseLogger - Copying 0 resource
2018-06-11 20:41:04,257 [Worker-38] WARN  o.e.m.c.i.embedder.EclipseLogger - Using platform encoding (Cp1252 actually) to copy filtered resources, i.e. build is platform dependent!
2018-06-11 20:41:04,258 [Worker-38] INFO  o.e.m.c.i.embedder.EclipseLogger - skip non existing resourceDirectory C:\Users\kkum0006\Desktop\cloud-pk\src\test\resources
2018-06-11 20:41:12,154 [Worker-32] WARN  o.e.m.c.i.embedder.EclipseLogger - Using platform encoding (Cp1252 actually) to copy filtered resources, i.e. build is platform dependent!
2018-06-11 20:41:12,156 [Worker-32] INFO  o.e.m.c.i.embedder.EclipseLogger - Copying 0 resource
2018-06-11 20:41:12,157 [Worker-32] WARN  o.e.m.c.i.embedder.EclipseLogger - Using platform encoding (Cp1252 actually) to copy filtered resources, i.e. build is platform dependent!
2018-06-11 20:41:12,160 [Worker-32] INFO  o.e.m.c.i.embedder.EclipseLogger - skip non existing resourceDirectory C:\Users\kkum0006\Desktop\cloud-pk\src\test\resources
2018-06-11 20:54:49,452 [Worker-40] WARN  o.e.m.c.i.embedder.EclipseLogger - Using platform encoding (Cp1252 actually) to copy filtered resources, i.e. build is platform dependent!
2018-06-11 20:54:49,455 [Worker-40] INFO  o.e.m.c.i.embedder.EclipseLogger - Copying 0 resource
2018-06-11 20:54:49,456 [Worker-40] WARN  o.e.m.c.i.embedder.EclipseLogger - Using platform encoding (Cp1252 actually) to copy filtered resources, i.e. build is platform dependent!
2018-06-11 20:54:49,460 [Worker-40] INFO  o.e.m.c.i.embedder.EclipseLogger - skip non existing resourceDirectory C:\Users\kkum0006\Desktop\cloud-pk\src\test\resources
2018-06-11 20:55:28,855 [Worker-41] WARN  o.e.m.c.i.embedder.EclipseLogger - Using platform encoding (Cp1252 actually) to copy filtered resources, i.e. build is platform dependent!
2018-06-11 20:55:28,859 [Worker-41] INFO  o.e.m.c.i.embedder.EclipseLogger - Copying 0 resource
2018-06-11 20:55:28,861 [Worker-41] WARN  o.e.m.c.i.embedder.EclipseLogger - Using platform encoding (Cp1252 actually) to copy filtered resources, i.e. build is platform dependent!
2018-06-11 20:55:28,863 [Worker-41] INFO  o.e.m.c.i.embedder.EclipseLogger - skip non existing resourceDirectory C:\Users\kkum0006\Desktop\cloud-pk\src\test\resources
2018-06-11 20:57:21,064 [Worker-40] WARN  o.e.m.c.i.embedder.EclipseLogger - Using platform encoding (Cp1252 actually) to copy filtered resources, i.e. build is platform dependent!
2018-06-11 20:57:21,066 [Worker-40] INFO  o.e.m.c.i.embedder.EclipseLogger - Copying 0 resource
2018-06-11 20:57:21,068 [Worker-40] WARN  o.e.m.c.i.embedder.EclipseLogger - Using platform encoding (Cp1252 actually) to copy filtered resources, i.e. build is platform dependent!
2018-06-11 20:57:21,071 [Worker-40] INFO  o.e.m.c.i.embedder.EclipseLogger - skip non existing resourceDirectory C:\Users\kkum0006\Desktop\cloud-pk\src\test\resources
2018-06-11 20:59:21,680 [Worker-40] WARN  o.e.m.c.i.embedder.EclipseLogger - Using platform encoding (Cp1252 actually) to copy filtered resources, i.e. build is platform dependent!
2018-06-11 20:59:21,683 [Worker-40] INFO  o.e.m.c.i.embedder.EclipseLogger - Copying 0 resource
2018-06-11 20:59:21,684 [Worker-40] WARN  o.e.m.c.i.embedder.EclipseLogger - Using platform encoding (Cp1252 actually) to copy filtered resources, i.e. build is platform dependent!
2018-06-11 20:59:21,686 [Worker-40] INFO  o.e.m.c.i.embedder.EclipseLogger - skip non existing resourceDirectory C:\Users\kkum0006\Desktop\cloud-pk\src\test\resources
2018-06-11 20:59:41,298 [Worker-43] WARN  o.e.m.c.i.embedder.EclipseLogger - Using platform encoding (Cp1252 actually) to copy filtered resources, i.e. build is platform dependent!
2018-06-11 20:59:41,300 [Worker-43] INFO  o.e.m.c.i.embedder.EclipseLogger - Copying 0 resource
2018-06-11 20:59:41,301 [Worker-43] WARN  o.e.m.c.i.embedder.EclipseLogger - Using platform encoding (Cp1252 actually) to copy filtered resources, i.e. build is platform dependent!
2018-06-11 20:59:41,304 [Worker-43] INFO  o.e.m.c.i.embedder.EclipseLogger - skip non existing resourceDirectory C:\Users\kkum0006\Desktop\cloud-pk\src\test\resources
2018-06-12 12:02:01,381 [Worker-4] INFO  c.g.t.t.d.PublishedGradleVersions - Gradle version information cache is up-to-date. Trying to read.
2018-06-12 12:19:55,490 [Worker-20] WARN  o.e.m.c.i.embedder.EclipseLogger - Using platform encoding (Cp1252 actually) to copy filtered resources, i.e. build is platform dependent!
2018-06-12 12:19:55,498 [Worker-20] INFO  o.e.m.c.i.embedder.EclipseLogger - Copying 0 resource
2018-06-12 12:19:55,501 [Worker-20] WARN  o.e.m.c.i.embedder.EclipseLogger - Using platform encoding (Cp1252 actually) to copy filtered resources, i.e. build is platform dependent!
2018-06-12 12:19:55,503 [Worker-20] INFO  o.e.m.c.i.embedder.EclipseLogger - skip non existing resourceDirectory C:\Users\kkum0006\Desktop\cloud-pk\src\test\resources
2018-06-12 12:26:10,284 [Worker-16] WARN  o.e.m.c.i.embedder.EclipseLogger - Using platform encoding (Cp1252 actually) to copy filtered resources, i.e. build is platform dependent!
2018-06-12 12:26:10,293 [Worker-16] INFO  o.e.m.c.i.embedder.EclipseLogger - Copying 0 resource
2018-06-12 12:26:10,295 [Worker-16] WARN  o.e.m.c.i.embedder.EclipseLogger - Using platform encoding (Cp1252 actually) to copy filtered resources, i.e. build is platform dependent!
2018-06-12 12:26:10,296 [Worker-16] INFO  o.e.m.c.i.embedder.EclipseLogger - skip non existing resourceDirectory C:\Users\kkum0006\Desktop\cloud-pk\src\test\resources
2018-06-12 12:27:10,562 [Worker-20] WARN  o.e.m.c.i.embedder.EclipseLogger - Using platform encoding (Cp1252 actually) to copy filtered resources, i.e. build is platform dependent!
2018-06-12 12:27:10,564 [Worker-20] INFO  o.e.m.c.i.embedder.EclipseLogger - Copying 0 resource
2018-06-12 12:27:10,565 [Worker-20] WARN  o.e.m.c.i.embedder.EclipseLogger - Using platform encoding (Cp1252 actually) to copy filtered resources, i.e. build is platform dependent!
2018-06-12 12:27:10,566 [Worker-20] INFO  o.e.m.c.i.embedder.EclipseLogger - skip non existing resourceDirectory C:\Users\kkum0006\Desktop\cloud-pk\src\test\resources
2018-06-12 12:28:57,737 [Worker-17] WARN  o.e.m.c.i.embedder.EclipseLogger - Using platform encoding (Cp1252 actually) to copy filtered resources, i.e. build is platform dependent!
2018-06-12 12:28:57,738 [Worker-17] INFO  o.e.m.c.i.embedder.EclipseLogger - Copying 0 resource
2018-06-12 12:28:57,740 [Worker-17] WARN  o.e.m.c.i.embedder.EclipseLogger - Using platform encoding (Cp1252 actually) to copy filtered resources, i.e. build is platform dependent!
2018-06-12 12:28:57,741 [Worker-17] INFO  o.e.m.c.i.embedder.EclipseLogger - skip non existing resourceDirectory C:\Users\kkum0006\Desktop\cloud-pk\src\test\resources
2018-06-12 12:36:14,557 [Worker-18] WARN  o.e.m.c.i.embedder.EclipseLogger - Using platform encoding (Cp1252 actually) to copy filtered resources, i.e. build is platform dependent!
2018-06-12 12:36:14,561 [Worker-18] INFO  o.e.m.c.i.embedder.EclipseLogger - Copying 0 resource
2018-06-12 12:36:14,562 [Worker-18] WARN  o.e.m.c.i.embedder.EclipseLogger - Using platform encoding (Cp1252 actually) to copy filtered resources, i.e. build is platform dependent!
2018-06-12 12:36:14,566 [Worker-18] INFO  o.e.m.c.i.embedder.EclipseLogger - skip non existing resourceDirectory C:\Users\kkum0006\Desktop\cloud-pk\src\test\resources
2018-06-12 12:38:24,406 [Worker-17] INFO  o.e.m.c.i.p.ProjectConfigurationManager - Update started
2018-06-12 12:38:26,785 [Worker-17] INFO  o.e.m.c.i.l.LifecycleMappingFactory - Using org.eclipse.m2e.jdt.JarLifecycleMapping lifecycle mapping for MavenProject: com.sync.qa:cloud:1.0-SNAPSHOT @ C:\Users\kkum0006\Desktop\cloud-pk\pom.xml.
2018-06-12 12:38:27,793 [Worker-17] INFO  o.e.m.j.i.AbstractJavaProjectConfigurator - Adding source folder /cloud/src/main/java
2018-06-12 12:38:27,794 [Worker-17] INFO  o.e.m.j.i.AbstractJavaProjectConfigurator - Adding resource folder /cloud/src/main/resources
2018-06-12 12:38:27,795 [Worker-17] INFO  o.e.m.j.i.AbstractJavaProjectConfigurator - Adding source folder /cloud/src/test/java
2018-06-12 12:38:28,184 [Worker-17] INFO  o.e.m.c.i.p.ProjectConfigurationManager - Update completed: 3 sec
2018-06-12 12:38:28,953 [Worker-21] WARN  o.e.m.c.i.embedder.EclipseLogger - Using platform encoding (Cp1252 actually) to copy filtered resources, i.e. build is platform dependent!
2018-06-12 12:38:28,956 [Worker-21] INFO  o.e.m.c.i.embedder.EclipseLogger - Copying 0 resource
2018-06-12 12:38:28,958 [Worker-21] WARN  o.e.m.c.i.embedder.EclipseLogger - Using platform encoding (Cp1252 actually) to copy filtered resources, i.e. build is platform dependent!
2018-06-12 12:38:28,962 [Worker-21] INFO  o.e.m.c.i.embedder.EclipseLogger - skip non existing resourceDirectory C:\Users\kkum0006\Desktop\cloud-pk\src\test\resources
2018-06-12 12:42:41,906 [Worker-20] WARN  o.e.m.c.i.embedder.EclipseLogger - Using platform encoding (Cp1252 actually) to copy filtered resources, i.e. build is platform dependent!
2018-06-12 12:42:41,910 [Worker-20] INFO  o.e.m.c.i.embedder.EclipseLogger - Copying 0 resource
2018-06-12 12:42:41,911 [Worker-20] WARN  o.e.m.c.i.embedder.EclipseLogger - Using platform encoding (Cp1252 actually) to copy filtered resources, i.e. build is platform dependent!
2018-06-12 12:42:41,912 [Worker-20] INFO  o.e.m.c.i.embedder.EclipseLogger - skip non existing resourceDirectory C:\Users\kkum0006\Desktop\cloud-pk\src\test\resources
2018-06-12 12:42:50,284 [Worker-20] WARN  o.e.m.c.i.embedder.EclipseLogger - Using platform encoding (Cp1252 actually) to copy filtered resources, i.e. build is platform dependent!
2018-06-12 12:42:50,287 [Worker-20] INFO  o.e.m.c.i.embedder.EclipseLogger - Copying 0 resource
2018-06-12 12:42:50,288 [Worker-20] WARN  o.e.m.c.i.embedder.EclipseLogger - Using platform encoding (Cp1252 actually) to copy filtered resources, i.e. build is platform dependent!
2018-06-12 12:42:50,290 [Worker-20] INFO  o.e.m.c.i.embedder.EclipseLogger - skip non existing resourceDirectory C:\Users\kkum0006\Desktop\cloud-pk\src\test\resources
2018-06-12 13:17:45,309 [Worker-49] INFO  o.e.m.c.i.p.ProjectConfigurationManager - Update started
2018-06-12 13:17:46,003 [Worker-49] INFO  o.e.m.c.i.l.LifecycleMappingFactory - Using org.eclipse.m2e.jdt.JarLifecycleMapping lifecycle mapping for MavenProject: com.sync.qa:cloud:1.0-SNAPSHOT @ C:\Users\kkum0006\Desktop\cloud-pk\pom.xml.
2018-06-12 13:17:46,597 [Worker-49] INFO  o.e.m.j.i.AbstractJavaProjectConfigurator - Adding source folder /cloud/src/main/java
2018-06-12 13:17:46,598 [Worker-49] INFO  o.e.m.j.i.AbstractJavaProjectConfigurator - Adding resource folder /cloud/src/main/resources
2018-06-12 13:17:46,599 [Worker-49] INFO  o.e.m.j.i.AbstractJavaProjectConfigurator - Adding source folder /cloud/src/test/java
2018-06-12 13:17:46,911 [Worker-49] INFO  o.e.m.c.i.p.ProjectConfigurationManager - Update completed: 1 sec
2018-06-12 13:17:47,450 [Worker-49] WARN  o.e.m.c.i.embedder.EclipseLogger - Using platform encoding (Cp1252 actually) to copy filtered resources, i.e. build is platform dependent!
2018-06-12 13:17:47,452 [Worker-49] INFO  o.e.m.c.i.embedder.EclipseLogger - Copying 0 resource
2018-06-12 13:17:47,454 [Worker-49] WARN  o.e.m.c.i.embedder.EclipseLogger - Using platform encoding (Cp1252 actually) to copy filtered resources, i.e. build is platform dependent!
2018-06-12 13:17:47,456 [Worker-49] INFO  o.e.m.c.i.embedder.EclipseLogger - skip non existing resourceDirectory C:\Users\kkum0006\Desktop\cloud-pk\src\test\resources
2018-06-12 13:19:14,376 [Worker-54] INFO  o.e.m.c.i.p.ProjectConfigurationManager - Update started
2018-06-12 13:19:14,876 [Worker-54] INFO  o.e.m.c.i.l.LifecycleMappingFactory - Using org.eclipse.m2e.jdt.JarLifecycleMapping lifecycle mapping for MavenProject: com.sync.qa:cloud:1.0-SNAPSHOT @ C:\Users\kkum0006\Desktop\cloud-pk\pom.xml.
2018-06-12 13:19:15,498 [Worker-54] INFO  o.e.m.j.i.AbstractJavaProjectConfigurator - Adding source folder /cloud/src/main/java
2018-06-12 13:19:15,499 [Worker-54] INFO  o.e.m.j.i.AbstractJavaProjectConfigurator - Adding resource folder /cloud/src/main/resources
2018-06-12 13:19:15,499 [Worker-54] INFO  o.e.m.j.i.AbstractJavaProjectConfigurator - Adding source folder /cloud/src/test/java
2018-06-12 13:19:15,899 [Worker-54] INFO  o.e.m.c.i.p.ProjectConfigurationManager - Update completed: 1 sec
2018-06-12 13:19:16,469 [Worker-54] WARN  o.e.m.c.i.embedder.EclipseLogger - Using platform encoding (Cp1252 actually) to copy filtered resources, i.e. build is platform dependent!
2018-06-12 13:19:16,473 [Worker-54] INFO  o.e.m.c.i.embedder.EclipseLogger - Copying 0 resource
2018-06-12 13:19:16,475 [Worker-54] WARN  o.e.m.c.i.embedder.EclipseLogger - Using platform encoding (Cp1252 actually) to copy filtered resources, i.e. build is platform dependent!
2018-06-12 13:19:16,477 [Worker-54] INFO  o.e.m.c.i.embedder.EclipseLogger - skip non existing resourceDirectory C:\Users\kkum0006\Desktop\cloud-pk\src\test\resources
2018-06-12 13:19:47,792 [Worker-2] INFO  c.g.t.t.d.PublishedGradleVersions - Gradle version information cache is up-to-date. Trying to read.
2018-06-12 13:28:51,239 [Worker-19] INFO  o.e.m.c.i.p.ProjectConfigurationManager - Update started
2018-06-12 13:28:51,957 [Worker-19] INFO  o.e.m.c.i.l.LifecycleMappingFactory - Using org.eclipse.m2e.jdt.JarLifecycleMapping lifecycle mapping for MavenProject: com.sync.qa:cloud:1.0-SNAPSHOT @ C:\Users\kkum0006\Desktop\cloud-pk\pom.xml.
2018-06-12 13:28:52,716 [Worker-19] INFO  o.e.m.j.i.AbstractJavaProjectConfigurator - Adding source folder /cloud/src/main/java
2018-06-12 13:28:52,717 [Worker-19] INFO  o.e.m.j.i.AbstractJavaProjectConfigurator - Adding resource folder /cloud/src/main/resources
2018-06-12 13:28:52,718 [Worker-19] INFO  o.e.m.j.i.AbstractJavaProjectConfigurator - Adding source folder /cloud/src/test/java
2018-06-12 13:28:53,047 [Worker-19] INFO  o.e.m.c.i.p.ProjectConfigurationManager - Update completed: 1 sec
2018-06-12 13:28:53,780 [Worker-19] WARN  o.e.m.c.i.embedder.EclipseLogger - Using platform encoding (Cp1252 actually) to copy filtered resources, i.e. build is platform dependent!
2018-06-12 13:28:53,787 [Worker-19] INFO  o.e.m.c.i.embedder.EclipseLogger - Copying 0 resource
2018-06-12 13:28:53,790 [Worker-19] WARN  o.e.m.c.i.embedder.EclipseLogger - Using platform encoding (Cp1252 actually) to copy filtered resources, i.e. build is platform dependent!
2018-06-12 13:28:53,791 [Worker-19] INFO  o.e.m.c.i.embedder.EclipseLogger - skip non existing resourceDirectory C:\Users\kkum0006\Desktop\cloud-pk\src\test\resources
2018-06-12 14:37:27,671 [Worker-1] INFO  c.g.t.t.d.PublishedGradleVersions - Gradle version information cache is up-to-date. Trying to read.
2018-06-12 14:37:31,554 [Worker-5] INFO  o.e.m.c.i.l.LifecycleMappingFactory - Using org.eclipse.m2e.jdt.JarLifecycleMapping lifecycle mapping for MavenProject: FreeCRMTestAutomation:FreeCRMTest:0.0.1-SNAPSHOT @ C:\Users\kkum0006\Downloads\Video\NaveenAuto\PageObjectModel-master\PageObjectModel-master\pom.xml.
2018-06-12 14:37:32,115 [Worker-5] INFO  o.e.m.c.i.l.LifecycleMappingFactory - Using org.eclipse.m2e.jdt.JarLifecycleMapping lifecycle mapping for MavenProject: com.sync.qa:cloud:1.0-SNAPSHOT @ C:\Users\kkum0006\Desktop\cloud-pk\pom.xml.
2018-06-12 14:37:34,386 [Worker-10] INFO  o.e.m.c.i.embedder.EclipseLogger - Using 'UTF-8' encoding to copy filtered resources.
2018-06-12 14:37:34,405 [Worker-10] INFO  o.e.m.c.i.embedder.EclipseLogger - Copying 2 resources
2018-06-12 14:37:34,417 [Worker-10] INFO  o.e.m.c.i.embedder.EclipseLogger - Using 'UTF-8' encoding to copy filtered resources.
2018-06-12 14:37:34,417 [Worker-10] INFO  o.e.m.c.i.embedder.EclipseLogger - skip non existing resourceDirectory C:\Users\kkum0006\Downloads\Video\NaveenAuto\PageObjectModel-master\PageObjectModel-master\src\test\resources
2018-06-12 14:37:35,265 [Worker-10] WARN  o.e.m.c.i.embedder.EclipseLogger - Using platform encoding (Cp1252 actually) to copy filtered resources, i.e. build is platform dependent!
2018-06-12 14:37:35,269 [Worker-10] INFO  o.e.m.c.i.embedder.EclipseLogger - Copying 0 resource
2018-06-12 14:37:35,271 [Worker-10] WARN  o.e.m.c.i.embedder.EclipseLogger - Using platform encoding (Cp1252 actually) to copy filtered resources, i.e. build is platform dependent!
2018-06-12 14:37:35,272 [Worker-10] INFO  o.e.m.c.i.embedder.EclipseLogger - skip non existing resourceDirectory C:\Users\kkum0006\Desktop\cloud-pk\src\test\resources
2018-06-23 16:46:38,670 [Worker-7] INFO  c.g.t.t.d.PublishedGradleVersions - Gradle version information cache is up-to-date. Trying to read.
2018-06-23 16:46:44,419 [Worker-10] INFO  o.e.m.c.i.embedder.EclipseLogger - Using 'UTF-8' encoding to copy filtered resources.
2018-06-23 16:46:44,436 [Worker-10] INFO  o.e.m.c.i.embedder.EclipseLogger - Copying 2 resources
2018-06-23 16:46:44,452 [Worker-10] INFO  o.e.m.c.i.embedder.EclipseLogger - Using 'UTF-8' encoding to copy filtered resources.
2018-06-23 16:46:44,452 [Worker-10] INFO  o.e.m.c.i.embedder.EclipseLogger - skip non existing resourceDirectory C:\Users\kkum0006\Downloads\Video\NaveenAuto\PageObjectModel-master\PageObjectModel-master\src\test\resources
2018-06-23 16:46:46,107 [Worker-2] INFO  o.e.m.c.i.embedder.EclipseLogger - Using 'UTF-8' encoding to copy filtered resources.
2018-06-23 16:46:46,116 [Worker-2] INFO  o.e.m.c.i.embedder.EclipseLogger - Copying 2 resources
2018-06-23 16:46:46,123 [Worker-2] INFO  o.e.m.c.i.embedder.EclipseLogger - Using 'UTF-8' encoding to copy filtered resources.
2018-06-23 16:46:46,123 [Worker-2] INFO  o.e.m.c.i.embedder.EclipseLogger - skip non existing resourceDirectory C:\Users\kkum0006\Downloads\Video\NaveenAuto\PageObjectModel-master\PageObjectModel-master\src\test\resources
2018-06-23 16:46:47,366 [Worker-2] WARN  o.e.m.c.i.embedder.EclipseLogger - Using platform encoding (Cp1252 actually) to copy filtered resources, i.e. build is platform dependent!
2018-06-23 16:46:47,370 [Worker-2] INFO  o.e.m.c.i.embedder.EclipseLogger - Copying 0 resource
2018-06-23 16:46:47,371 [Worker-2] WARN  o.e.m.c.i.embedder.EclipseLogger - Using platform encoding (Cp1252 actually) to copy filtered resources, i.e. build is platform dependent!
2018-06-23 16:46:47,372 [Worker-2] INFO  o.e.m.c.i.embedder.EclipseLogger - skip non existing resourceDirectory C:\Users\kkum0006\Desktop\cloud-pk\src\test\resources
2018-06-23 16:58:09,718 [Worker-10] WARN  o.e.m.c.i.embedder.EclipseLogger - Using platform encoding (Cp1252 actually) to copy filtered resources, i.e. build is platform dependent!
2018-06-23 16:58:09,722 [Worker-10] INFO  o.e.m.c.i.embedder.EclipseLogger - Copying 1 resource
2018-06-23 16:58:09,726 [Worker-10] WARN  o.e.m.c.i.embedder.EclipseLogger - Using platform encoding (Cp1252 actually) to copy filtered resources, i.e. build is platform dependent!
2018-06-23 16:58:09,727 [Worker-10] INFO  o.e.m.c.i.embedder.EclipseLogger - skip non existing resourceDirectory C:\Users\kkum0006\Desktop\cloud-pk\src\test\resources
2018-06-23 17:00:49,886 [Worker-10] WARN  o.e.m.c.i.embedder.EclipseLogger - Using platform encoding (Cp1252 actually) to copy filtered resources, i.e. build is platform dependent!
2018-06-23 17:00:49,888 [Worker-10] INFO  o.e.m.c.i.embedder.EclipseLogger - Copying 1 resource
2018-06-23 17:00:49,891 [Worker-10] WARN  o.e.m.c.i.embedder.EclipseLogger - Using platform encoding (Cp1252 actually) to copy filtered resources, i.e. build is platform dependent!
2018-06-23 17:00:49,893 [Worker-10] INFO  o.e.m.c.i.embedder.EclipseLogger - skip non existing resourceDirectory C:\Users\kkum0006\Desktop\cloud-pk\src\test\resources
2018-06-23 17:01:58,225 [Worker-30] WARN  o.e.m.c.i.embedder.EclipseLogger - Using platform encoding (Cp1252 actually) to copy filtered resources, i.e. build is platform dependent!
2018-06-23 17:01:58,228 [Worker-30] INFO  o.e.m.c.i.embedder.EclipseLogger - Copying 1 resource
2018-06-23 17:01:58,235 [Worker-30] WARN  o.e.m.c.i.embedder.EclipseLogger - Using platform encoding (Cp1252 actually) to copy filtered resources, i.e. build is platform dependent!
2018-06-23 17:01:58,240 [Worker-30] INFO  o.e.m.c.i.embedder.EclipseLogger - skip non existing resourceDirectory C:\Users\kkum0006\Desktop\cloud-pk\src\test\resources
2018-06-23 17:02:32,047 [Worker-29] WARN  o.e.m.c.i.embedder.EclipseLogger - Using platform encoding (Cp1252 actually) to copy filtered resources, i.e. build is platform dependent!
2018-06-23 17:02:32,049 [Worker-29] INFO  o.e.m.c.i.embedder.EclipseLogger - Copying 1 resource
2018-06-23 17:02:32,052 [Worker-29] WARN  o.e.m.c.i.embedder.EclipseLogger - Using platform encoding (Cp1252 actually) to copy filtered resources, i.e. build is platform dependent!
2018-06-23 17:02:32,053 [Worker-29] INFO  o.e.m.c.i.embedder.EclipseLogger - skip non existing resourceDirectory C:\Users\kkum0006\Desktop\cloud-pk\src\test\resources
2018-06-23 17:05:43,255 [Worker-26] WARN  o.e.m.c.i.embedder.EclipseLogger - Using platform encoding (Cp1252 actually) to copy filtered resources, i.e. build is platform dependent!
2018-06-23 17:05:43,261 [Worker-26] INFO  o.e.m.c.i.embedder.EclipseLogger - Copying 1 resource
2018-06-23 17:05:43,267 [Worker-26] WARN  o.e.m.c.i.embedder.EclipseLogger - Using platform encoding (Cp1252 actually) to copy filtered resources, i.e. build is platform dependent!
2018-06-23 17:05:43,268 [Worker-26] INFO  o.e.m.c.i.embedder.EclipseLogger - skip non existing resourceDirectory C:\Users\kkum0006\Desktop\cloud-pk\src\test\resources
2018-06-23 17:06:43,368 [Worker-33] WARN  o.e.m.c.i.embedder.EclipseLogger - Using platform encoding (Cp1252 actually) to copy filtered resources, i.e. build is platform dependent!
2018-06-23 17:06:43,369 [Worker-33] INFO  o.e.m.c.i.embedder.EclipseLogger - Copying 0 resource
2018-06-23 17:06:43,371 [Worker-33] WARN  o.e.m.c.i.embedder.EclipseLogger - Using platform encoding (Cp1252 actually) to copy filtered resources, i.e. build is platform dependent!
2018-06-23 17:06:43,379 [Worker-33] INFO  o.e.m.c.i.embedder.EclipseLogger - skip non existing resourceDirectory C:\Users\kkum0006\Desktop\cloud-pk\src\test\resources
2018-06-23 17:07:12,492 [Worker-35] WARN  o.e.m.c.i.embedder.EclipseLogger - Using platform encoding (Cp1252 actually) to copy filtered resources, i.e. build is platform dependent!
2018-06-23 17:07:12,493 [Worker-35] INFO  o.e.m.c.i.embedder.EclipseLogger - Copying 1 resource
2018-06-23 17:07:12,497 [Worker-35] WARN  o.e.m.c.i.embedder.EclipseLogger - Using platform encoding (Cp1252 actually) to copy filtered resources, i.e. build is platform dependent!
2018-06-23 17:07:12,499 [Worker-35] INFO  o.e.m.c.i.embedder.EclipseLogger - skip non existing resourceDirectory C:\Users\kkum0006\Desktop\cloud-pk\src\test\resources
2018-06-23 17:07:40,093 [Worker-29] INFO  o.e.m.c.i.p.ProjectConfigurationManager - Update started
2018-06-23 17:07:41,458 [Worker-29] INFO  o.e.m.c.i.l.LifecycleMappingFactory - Using org.eclipse.m2e.jdt.JarLifecycleMapping lifecycle mapping for MavenProject: com.sync.qa:cloud:1.0-SNAPSHOT @ C:\Users\kkum0006\Desktop\cloud-pk\pom.xml.
2018-06-23 17:07:42,165 [Worker-29] INFO  o.e.m.j.i.AbstractJavaProjectConfigurator - Adding source folder /cloud/src/main/java
2018-06-23 17:07:42,165 [Worker-29] INFO  o.e.m.j.i.AbstractJavaProjectConfigurator - Adding resource folder /cloud/src/main/resources
2018-06-23 17:07:42,166 [Worker-29] INFO  o.e.m.j.i.AbstractJavaProjectConfigurator - Adding source folder /cloud/src/test/java
2018-06-23 17:07:42,377 [Worker-29] INFO  o.e.m.c.i.p.ProjectConfigurationManager - Update completed: 2 sec
2018-06-23 17:07:42,871 [Worker-33] WARN  o.e.m.c.i.embedder.EclipseLogger - Using platform encoding (Cp1252 actually) to copy filtered resources, i.e. build is platform dependent!
2018-06-23 17:07:42,872 [Worker-33] INFO  o.e.m.c.i.embedder.EclipseLogger - Copying 1 resource
2018-06-23 17:07:42,875 [Worker-33] WARN  o.e.m.c.i.embedder.EclipseLogger - Using platform encoding (Cp1252 actually) to copy filtered resources, i.e. build is platform dependent!
2018-06-23 17:07:42,876 [Worker-33] INFO  o.e.m.c.i.embedder.EclipseLogger - skip non existing resourceDirectory C:\Users\kkum0006\Desktop\cloud-pk\src\test\resources
2018-06-23 17:09:12,193 [Worker-34] WARN  o.e.m.c.i.embedder.EclipseLogger - Using platform encoding (Cp1252 actually) to copy filtered resources, i.e. build is platform dependent!
2018-06-23 17:09:12,194 [Worker-34] INFO  o.e.m.c.i.embedder.EclipseLogger - Copying 1 resource
2018-06-23 17:09:12,196 [Worker-34] WARN  o.e.m.c.i.embedder.EclipseLogger - Using platform encoding (Cp1252 actually) to copy filtered resources, i.e. build is platform dependent!
2018-06-23 17:09:12,197 [Worker-34] INFO  o.e.m.c.i.embedder.EclipseLogger - skip non existing resourceDirectory C:\Users\kkum0006\Desktop\cloud-pk\src\test\resources
2018-06-23 17:10:09,620 [Worker-34] WARN  o.e.m.c.i.embedder.EclipseLogger - Using platform encoding (Cp1252 actually) to copy filtered resources, i.e. build is platform dependent!
2018-06-23 17:10:09,621 [Worker-34] INFO  o.e.m.c.i.embedder.EclipseLogger - Copying 0 resource
2018-06-23 17:10:09,623 [Worker-34] WARN  o.e.m.c.i.embedder.EclipseLogger - Using platform encoding (Cp1252 actually) to copy filtered resources, i.e. build is platform dependent!
2018-06-23 17:10:09,625 [Worker-34] INFO  o.e.m.c.i.embedder.EclipseLogger - skip non existing resourceDirectory C:\Users\kkum0006\Desktop\cloud-pk\src\test\resources
2018-06-23 17:10:24,738 [Worker-34] INFO  o.e.m.c.i.p.ProjectConfigurationManager - Update started
2018-06-23 17:10:25,180 [Worker-34] INFO  o.e.m.c.i.l.LifecycleMappingFactory - Using org.eclipse.m2e.jdt.JarLifecycleMapping lifecycle mapping for MavenProject: com.sync.qa:cloud:1.0-SNAPSHOT @ C:\Users\kkum0006\Desktop\cloud-pk\pom.xml.
2018-06-23 17:10:25,590 [Worker-34] INFO  o.e.m.j.i.AbstractJavaProjectConfigurator - Adding source folder /cloud/src/main/java
2018-06-23 17:10:25,590 [Worker-34] INFO  o.e.m.j.i.AbstractJavaProjectConfigurator - Adding resource folder /cloud/src/main/resources
2018-06-23 17:10:25,591 [Worker-34] INFO  o.e.m.j.i.AbstractJavaProjectConfigurator - Adding source folder /cloud/src/test/java
2018-06-23 17:10:25,832 [Worker-34] INFO  o.e.m.c.i.p.ProjectConfigurationManager - Update completed: 1 sec
2018-06-23 17:10:26,344 [Worker-36] WARN  o.e.m.c.i.embedder.EclipseLogger - Using platform encoding (Cp1252 actually) to copy filtered resources, i.e. build is platform dependent!
2018-06-23 17:10:26,346 [Worker-36] INFO  o.e.m.c.i.embedder.EclipseLogger - Copying 1 resource
2018-06-23 17:10:26,350 [Worker-36] WARN  o.e.m.c.i.embedder.EclipseLogger - Using platform encoding (Cp1252 actually) to copy filtered resources, i.e. build is platform dependent!
2018-06-23 17:10:26,351 [Worker-36] INFO  o.e.m.c.i.embedder.EclipseLogger - skip non existing resourceDirectory C:\Users\kkum0006\Desktop\cloud-pk\src\test\resources
2018-06-23 17:10:39,041 [Worker-37] WARN  o.e.m.c.i.embedder.EclipseLogger - Using platform encoding (Cp1252 actually) to copy filtered resources, i.e. build is platform dependent!
2018-06-23 17:10:39,043 [Worker-37] INFO  o.e.m.c.i.embedder.EclipseLogger - Copying 1 resource
2018-06-23 17:10:39,045 [Worker-37] WARN  o.e.m.c.i.embedder.EclipseLogger - Using platform encoding (Cp1252 actually) to copy filtered resources, i.e. build is platform dependent!
2018-06-23 17:10:39,046 [Worker-37] INFO  o.e.m.c.i.embedder.EclipseLogger - skip non existing resourceDirectory C:\Users\kkum0006\Desktop\cloud-pk\src\test\resources
2018-06-23 17:11:56,788 [Worker-39] WARN  o.e.m.c.i.embedder.EclipseLogger - Using platform encoding (Cp1252 actually) to copy filtered resources, i.e. build is platform dependent!
2018-06-23 17:11:56,791 [Worker-39] INFO  o.e.m.c.i.embedder.EclipseLogger - Copying 1 resource
2018-06-23 17:11:56,799 [Worker-39] WARN  o.e.m.c.i.embedder.EclipseLogger - Using platform encoding (Cp1252 actually) to copy filtered resources, i.e. build is platform dependent!
2018-06-23 17:11:56,801 [Worker-39] INFO  o.e.m.c.i.embedder.EclipseLogger - skip non existing resourceDirectory C:\Users\kkum0006\Desktop\cloud-pk\src\test\resources
2018-06-23 17:13:21,759 [Worker-37] WARN  o.e.m.c.i.embedder.EclipseLogger - Using platform encoding (Cp1252 actually) to copy filtered resources, i.e. build is platform dependent!
2018-06-23 17:13:21,829 [Worker-37] INFO  o.e.m.c.i.embedder.EclipseLogger - Copying 0 resource
2018-06-23 17:13:21,831 [Worker-37] WARN  o.e.m.c.i.embedder.EclipseLogger - Using platform encoding (Cp1252 actually) to copy filtered resources, i.e. build is platform dependent!
2018-06-23 17:13:21,833 [Worker-37] INFO  o.e.m.c.i.embedder.EclipseLogger - skip non existing resourceDirectory C:\Users\kkum0006\Desktop\cloud-pk\src\test\resources
2018-06-23 17:15:09,236 [Worker-37] WARN  o.e.m.c.i.embedder.EclipseLogger - Using platform encoding (Cp1252 actually) to copy filtered resources, i.e. build is platform dependent!
2018-06-23 17:15:09,238 [Worker-37] INFO  o.e.m.c.i.embedder.EclipseLogger - Copying 0 resource
2018-06-23 17:15:09,239 [Worker-37] WARN  o.e.m.c.i.embedder.EclipseLogger - Using platform encoding (Cp1252 actually) to copy filtered resources, i.e. build is platform dependent!
2018-06-23 17:15:09,240 [Worker-37] INFO  o.e.m.c.i.embedder.EclipseLogger - skip non existing resourceDirectory C:\Users\kkum0006\Desktop\cloud-pk\src\test\resources
2018-07-02 19:34:44,778 [Worker-0] INFO  c.g.t.t.d.PublishedGradleVersions - Gradle version information cache is out-of-date. Trying to update.
2018-07-02 19:35:03,403 [Worker-2] INFO  o.e.m.c.i.embedder.EclipseLogger - Using 'UTF-8' encoding to copy filtered resources.
2018-07-02 19:35:03,413 [Worker-2] INFO  o.e.m.c.i.embedder.EclipseLogger - Copying 2 resources
2018-07-02 19:35:03,435 [Worker-2] INFO  o.e.m.c.i.embedder.EclipseLogger - Using 'UTF-8' encoding to copy filtered resources.
2018-07-02 19:35:03,436 [Worker-2] INFO  o.e.m.c.i.embedder.EclipseLogger - skip non existing resourceDirectory C:\Users\kkum0006\Downloads\Video\NaveenAuto\PageObjectModel-master\PageObjectModel-master\src\test\resources
2018-07-02 19:35:07,163 [Worker-3] WARN  o.e.m.c.i.embedder.EclipseLogger - Using platform encoding (Cp1252 actually) to copy filtered resources, i.e. build is platform dependent!
2018-07-02 19:35:07,166 [Worker-3] INFO  o.e.m.c.i.embedder.EclipseLogger - Copying 1 resource
2018-07-02 19:35:07,170 [Worker-3] WARN  o.e.m.c.i.embedder.EclipseLogger - Using platform encoding (Cp1252 actually) to copy filtered resources, i.e. build is platform dependent!
2018-07-02 19:35:07,171 [Worker-3] INFO  o.e.m.c.i.embedder.EclipseLogger - skip non existing resourceDirectory C:\Users\kkum0006\Desktop\cloud-pk\src\test\resources
2018-07-10 19:30:18,880 [Worker-0] INFO  c.g.t.t.d.PublishedGradleVersions - Gradle version information cache is out-of-date. Trying to update.
2018-07-10 19:31:26,770 [Worker-4] INFO  o.e.m.c.i.embedder.EclipseLogger - Using 'UTF-8' encoding to copy filtered resources.
2018-07-10 19:31:26,774 [Worker-4] INFO  o.e.m.c.i.embedder.EclipseLogger - Copying 2 resources
2018-07-10 19:31:26,784 [Worker-4] INFO  o.e.m.c.i.embedder.EclipseLogger - Using 'UTF-8' encoding to copy filtered resources.
2018-07-10 19:31:26,784 [Worker-4] INFO  o.e.m.c.i.embedder.EclipseLogger - skip non existing resourceDirectory C:\Users\kkum0006\Downloads\Video\NaveenAuto\PageObjectModel-master\PageObjectModel-master\src\test\resources
2018-07-10 19:31:29,992 [Worker-12] WARN  o.e.m.c.i.embedder.EclipseLogger - Using platform encoding (Cp1252 actually) to copy filtered resources, i.e. build is platform dependent!
2018-07-10 19:31:29,994 [Worker-12] INFO  o.e.m.c.i.embedder.EclipseLogger - Copying 1 resource
2018-07-10 19:31:29,997 [Worker-12] WARN  o.e.m.c.i.embedder.EclipseLogger - Using platform encoding (Cp1252 actually) to copy filtered resources, i.e. build is platform dependent!
2018-07-10 19:31:29,998 [Worker-12] INFO  o.e.m.c.i.embedder.EclipseLogger - skip non existing resourceDirectory C:\Users\kkum0006\Desktop\cloud-pk\src\test\resources
2018-08-29 12:47:06,021 [Worker-1] INFO  c.g.t.t.d.PublishedGradleVersions - Gradle version information cache is out-of-date. Trying to update.
